#
# A fatal error has been detected by the Java Runtime Environment:
#
#  EXCEPTION_ACCESS_VIOLATION (0xc0000005) at pc=0x00000000646feea9, pid=9324, tid=10772
#
# JRE version: Java(TM) SE Runtime Environment (8.0_91-b15) (build 1.8.0_91-b15)
# Java VM: Java HotSpot(TM) 64-Bit Server VM (25.91-b15 mixed mode windows-amd64 compressed oops)
# Problematic frame:
# C  [libopencv_java310.dll+0x3eea9]
#
# Failed to write core dump. Minidumps are not enabled by default on client versions of Windows
#
# If you would like to submit a bug report, please visit:
#   http://bugreport.java.com/bugreport/crash.jsp
# The crash happened outside the Java Virtual Machine in native code.
# See problematic frame for where to report the bug.
#

---------------  T H R E A D  ---------------

Current thread (0x000000000236e000):  JavaThread "main" [_thread_in_native, id=10772, stack(0x0000000002440000,0x0000000002540000)]

siginfo: ExceptionCode=0xc0000005, reading address 0x0000000000000000

Registers:
RAX=0x000000000253f1a0, RBX=0x000000000253f150, RCX=0x0000000000000000, RDX=0x000000000253f280
RSP=0x000000000253f0d0, RBP=0x000000000253f270, RSI=0x000000000253f0f0, RDI=0x000000000236e1f8
R8 =0x0000000000587e10, R9 =0x0000000000584e80, R10=0x0000000002825968, R11=0x0000000067ed9d90
R12=0x0000000000000000, R13=0x00000000547f6068, R14=0x000000000253f2b8, R15=0x000000000236e000
RIP=0x00000000646feea9, EFLAGS=0x0000000000010202

Top of Stack: (sp=0x000000000253f0d0)
0x000000000253f0d0:   0000000000000000 000000000253f2b8
0x000000000253f0e0:   0000000000000000 0000000000000000
0x000000000253f0f0:   0000000000000000 0000000000000000
0x000000000253f100:   0000000000000000 00000000646fee60
0x000000000253f110:   000000000236e000 000000000236e000
0x000000000253f120:   00000000547f6068 0000000000000000
0x000000000253f130:   000000000236e000 0000000001d8ec60
0x000000000253f140:   00000000547f6068 000000000253f2b8
0x000000000253f150:   0000000001d8ff70 0000000067d6a606
0x000000000253f160:   000000000253f678 000000000236e6e0
0x000000000253f170:   00000000000003d8 000000000236e6f0
0x000000000253f180:   00000000547f6068 000000000236e000
0x000000000253f190:   000000000253f158 000000000253f1a0
0x000000000253f1a0:   0000000002817b90 0000000002825826
0x000000000253f1b0:   00000000547f4c00 00000000547f6068
0x000000000253f1c0:   0000000040200021 0000000002817b90 

Instructions: (pc=0x00000000646feea9)
0x00000000646fee89:   00 00 00 48 8d 43 08 48 89 84 24 c0 00 00 00 48
0x00000000646fee99:   8d 43 50 48 89 84 24 c8 00 00 00 48 8d 74 24 20
0x00000000646feea9:   48 8b 01 48 8d 54 24 40 4c 89 4c 24 48 49 89 f0
0x00000000646feeb9:   48 c7 44 24 30 00 00 00 00 4c 8d 4c 24 60 c7 84 


Register to memory mapping:

RAX=0x000000000253f1a0 is pointing into the stack for thread: 0x000000000236e000
RBX=0x000000000253f150 is pointing into the stack for thread: 0x000000000236e000
RCX=0x0000000000000000 is an unknown value
RDX=0x000000000253f280 is pointing into the stack for thread: 0x000000000236e000
RSP=0x000000000253f0d0 is pointing into the stack for thread: 0x000000000236e000
RBP=0x000000000253f270 is pointing into the stack for thread: 0x000000000236e000
RSI=0x000000000253f0f0 is pointing into the stack for thread: 0x000000000236e000
RDI=0x000000000236e1f8 is an unknown value
R8 =0x0000000000587e10 is an unknown value
R9 =0x0000000000584e80 is an unknown value
R10=0x0000000002825968 is at code_begin+840 in an Interpreter codelet
method entry point (kind = native)  [0x0000000002825620, 0x0000000002825f80]  2400 bytes
R11=0x0000000067ed9d90 is an unknown value
R12=0x0000000000000000 is an unknown value
R13={method} {0x00000000547f6070} 'detect_1' '(JJJ)V' in 'org/opencv/features2d/FeatureDetector'
R14=0x000000000253f2b8 is pointing into the stack for thread: 0x000000000236e000
R15=0x000000000236e000 is a thread


Stack: [0x0000000002440000,0x0000000002540000],  sp=0x000000000253f0d0,  free space=1020k
Native frames: (J=compiled Java code, j=interpreted, Vv=VM code, C=native code)
C  [libopencv_java310.dll+0x3eea9]
C  0x0000000002825994

Java frames: (J=compiled Java code, j=interpreted, Vv=VM code)
j  org.opencv.features2d.FeatureDetector.detect_1(JJJ)V+0
j  org.opencv.features2d.FeatureDetector.detect(Lorg/opencv/core/Mat;Lorg/opencv/core/MatOfKeyPoint;)V+14
j  video.TransformEstimate.<init>(Ljava/lang/String;Ljava/lang/String;)V+67
j  Main.main([Ljava/lang/String;)V+8
v  ~StubRoutines::call_stub

---------------  P R O C E S S  ---------------

Java Threads: ( => current thread )
  0x0000000056cd8800 JavaThread "Java2D Disposer" daemon [_thread_blocked, id=8536, stack(0x0000000057550000,0x0000000057650000)]
  0x0000000054de8000 JavaThread "Service Thread" daemon [_thread_blocked, id=18076, stack(0x0000000056470000,0x0000000056570000)]
  0x0000000054de3000 JavaThread "C1 CompilerThread1" daemon [_thread_blocked, id=12604, stack(0x0000000056210000,0x0000000056310000)]
  0x0000000054d8a800 JavaThread "C2 CompilerThread0" daemon [_thread_blocked, id=7596, stack(0x0000000056020000,0x0000000056120000)]
  0x0000000054d89000 JavaThread "Attach Listener" daemon [_thread_blocked, id=6684, stack(0x0000000055ee0000,0x0000000055fe0000)]
  0x0000000054d87800 JavaThread "Signal Dispatcher" daemon [_thread_blocked, id=7156, stack(0x0000000055dc0000,0x0000000055ec0000)]
  0x0000000054d6e000 JavaThread "Finalizer" daemon [_thread_blocked, id=14084, stack(0x0000000055bc0000,0x0000000055cc0000)]
  0x0000000054d27000 JavaThread "Reference Handler" daemon [_thread_blocked, id=15384, stack(0x00000000559d0000,0x0000000055ad0000)]
=>0x000000000236e000 JavaThread "main" [_thread_in_native, id=10772, stack(0x0000000002440000,0x0000000002540000)]

Other Threads:
  0x0000000054d1d000 VMThread [stack: 0x00000000557e0000,0x00000000558e0000] [id=15352]
  0x0000000054dec800 WatcherThread [stack: 0x0000000056310000,0x0000000056410000] [id=15608]

VM state:not at safepoint (normal execution)

VM Mutex/Monitor currently owned by a thread: None

Heap:
 PSYoungGen      total 18944K, used 15963K [0x00000000eb000000, 0x00000000ec500000, 0x0000000100000000)
  eden space 16384K, 97% used [0x00000000eb000000,0x00000000ebf96cf8,0x00000000ec000000)
  from space 2560K, 0% used [0x00000000ec280000,0x00000000ec280000,0x00000000ec500000)
  to   space 2560K, 0% used [0x00000000ec000000,0x00000000ec000000,0x00000000ec280000)
 ParOldGen       total 44032K, used 0K [0x00000000c1000000, 0x00000000c3b00000, 0x00000000eb000000)
  object space 44032K, 0% used [0x00000000c1000000,0x00000000c1000000,0x00000000c3b00000)
 Metaspace       used 5022K, capacity 5186K, committed 5376K, reserved 1056768K
  class space    used 569K, capacity 665K, committed 768K, reserved 1048576K

Card table byte_map: [0x0000000011bd0000,0x0000000011dd0000] byte_map_base: 0x00000000115c8000

Marking Bits: (ParMarkBitMap*) 0x00000000684c2f70
 Begin Bits: [0x0000000012270000, 0x0000000013230000)
 End Bits:   [0x0000000013230000, 0x00000000141f0000)

Polling page: 0x0000000000120000

CodeCache: size=245760Kb used=1653Kb max_used=1662Kb free=244107Kb
 bounds [0x0000000002810000, 0x0000000002a80000, 0x0000000011810000]
 total_blobs=607 nmethods=280 adapters=242
 compilation: enabled

Compilation events (10 events):
Event: 0.697 Thread 0x0000000054de3000  276       3       java.util.HashMap$HashIterator::hasNext (13 bytes)
Event: 0.698 Thread 0x0000000054de3000 nmethod 276 0x00000000029abe50 code [0x00000000029abfa0, 0x00000000029ac150]
Event: 0.735 Thread 0x0000000054d8a800  277       4       java.util.zip.Inflater::ensureOpen (47 bytes)
Event: 0.736 Thread 0x0000000054d8a800 nmethod 277 0x00000000029aee50 code [0x00000000029aef80, 0x00000000029af018]
Event: 0.737 Thread 0x0000000054d8a800  278   !   4       java.util.zip.Inflater::inflate (113 bytes)
Event: 0.742 Thread 0x0000000054d8a800 nmethod 278 0x00000000029ad050 code [0x00000000029ad1a0, 0x00000000029ad668]
Event: 0.761 Thread 0x0000000054de3000  279       3       java.io.InputStream::<init> (5 bytes)
Event: 0.762 Thread 0x0000000054de3000 nmethod 279 0x00000000029acc50 code [0x00000000029acdc0, 0x00000000029acf70]
Event: 0.778 Thread 0x0000000054de3000  280       3       javax.imageio.stream.ImageInputStreamImpl::getStreamPosition (9 bytes)
Event: 0.779 Thread 0x0000000054de3000 nmethod 280 0x00000000029ac690 code [0x00000000029ac800, 0x00000000029acb28]

GC Heap History (0 events):
No events

Deoptimization events (0 events):
No events

Internal exceptions (9 events):
Event: 0.121 Thread 0x000000000236e000 Exception <a 'java/lang/NoSuchMethodError': Method sun.misc.Unsafe.defineClass(Ljava/lang/String;[BII)Ljava/lang/Class; name or signature does not match> (0x00000000eb007cc0) thrown at [C:\re\workspace\8-2-build-windows-amd64-cygwin\jdk8u91\7017\hotspot\srM`ÈI
¿?
Event: 0.121 Thread 0x000000000236e000 Exception <a 'java/lang/NoSuchMethodError': Method sun.misc.Unsafe.prefetchRead(Ljava/lang/Object;J)V name or signature does not match> (0x00000000eb007fa8) thrown at [C:\re\workspace\8-2-build-windows-amd64-cygwin\jdk8u91\7017\hotspot\src\share\vm\prims\j°ÕCïÿWÔ?
Event: 0.318 Thread 0x000000000236e000 Exception <a 'java/security/PrivilegedActionException'> (0x00000000eb0d44a8) thrown at [C:\re\workspace\8-2-build-windows-amd64-cygwin\jdk8u91\7017\hotspot\src\share\vm\prims\jvm.cpp, line 1386]
Event: 0.318 Thread 0x000000000236e000 Exception <a 'java/security/PrivilegedActionException'> (0x00000000eb0d48a0) thrown at [C:\re\workspace\8-2-build-windows-amd64-cygwin\jdk8u91\7017\hotspot\src\share\vm\prims\jvm.cpp, line 1386]
Event: 0.319 Thread 0x000000000236e000 Exception <a 'java/security/PrivilegedActionException'> (0x00000000eb0d8630) thrown at [C:\re\workspace\8-2-build-windows-amd64-cygwin\jdk8u91\7017\hotspot\src\share\vm\prims\jvm.cpp, line 1386]
Event: 0.319 Thread 0x000000000236e000 Exception <a 'java/security/PrivilegedActionException'> (0x00000000eb0d8a28) thrown at [C:\re\workspace\8-2-build-windows-amd64-cygwin\jdk8u91\7017\hotspot\src\share\vm\prims\jvm.cpp, line 1386]
Event: 0.341 Thread 0x000000000236e000 Exception <a 'java/io/FileNotFoundException'> (0x00000000eb0dad90) thrown at [C:\re\workspace\8-2-build-windows-amd64-cygwin\jdk8u91\7017\hotspot\src\share\vm\prims\jni.cpp, line 709]
Event: 0.422 Thread 0x000000000236e000 Exception <a 'java/lang/NoSuchFieldError': method resolution failed> (0x00000000eb1fa810) thrown at [C:\re\workspace\8-2-build-windows-amd64-cygwin\jdk8u91\7017\hotspot\src\share\vm\prims\methodHandles.cpp, line 1146]
Event: 0.437 Thread 0x000000000236e000 Exception <a 'java/lang/NoSuchFieldError': method resolution failed> (0x00000000eb207fb0) thrown at [C:\re\workspace\8-2-build-windows-amd64-cygwin\jdk8u91\7017\hotspot\src\share\vm\prims\methodHandles.cpp, line 1146]

Events (10 events):
Event: 0.592 Thread 0x000000000236e000 DEOPT PACKING pc=0x0000000002991232 sp=0x000000000253eb30
Event: 0.592 Thread 0x000000000236e000 DEOPT UNPACKING pc=0x00000000028571bf sp=0x000000000253e8c0 mode 0
Event: 0.593 Thread 0x000000000236e000 DEOPT PACKING pc=0x0000000002991232 sp=0x000000000253eb30
Event: 0.593 Thread 0x000000000236e000 DEOPT UNPACKING pc=0x00000000028571bf sp=0x000000000253e8c0 mode 0
Event: 0.689 loading class java/io/RandomAccessFile$1
Event: 0.689 loading class java/io/RandomAccessFile$1 done
Event: 0.689 loading class java/lang/UnsupportedOperationException
Event: 0.689 loading class java/lang/UnsupportedOperationException done
Event: 0.690 loading class org/opencv/core/CvType
Event: 0.690 loading class org/opencv/core/CvType done


Dynamic libraries:
0x000000013f060000 - 0x000000013f097000 	C:\Program Files\Java\jre1.8.0_91\bin\javaw.exe
0x0000000077640000 - 0x00000000777ea000 	C:\Windows\SYSTEM32\ntdll.dll
0x0000000077420000 - 0x000000007753f000 	C:\Windows\system32\kernel32.dll
0x000007fefd6c0000 - 0x000007fefd72a000 	C:\Windows\system32\KERNELBASE.dll
0x000007feff4a0000 - 0x000007feff57b000 	C:\Windows\system32\ADVAPI32.dll
0x000007fefd870000 - 0x000007fefd90f000 	C:\Windows\system32\msvcrt.dll
0x000007feff8b0000 - 0x000007feff8cf000 	C:\Windows\SYSTEM32\sechost.dll
0x000007fefdd00000 - 0x000007fefde2d000 	C:\Windows\system32\RPCRT4.dll
0x0000000077540000 - 0x000000007763a000 	C:\Windows\system32\USER32.dll
0x000007fefde30000 - 0x000007fefde97000 	C:\Windows\system32\GDI32.dll
0x000007feff580000 - 0x000007feff58e000 	C:\Windows\system32\LPK.dll
0x000007feff2f0000 - 0x000007feff3ba000 	C:\Windows\system32\USP10.dll
0x000007fefbcc0000 - 0x000007fefbeb4000 	C:\Windows\WinSxS\amd64_microsoft.windows.common-controls_6595b64144ccf1df_6.0.7601.18837_none_fa3b1e3d17594757\COMCTL32.dll
0x000007feff8d0000 - 0x000007feff941000 	C:\Windows\system32\SHLWAPI.dll
0x000007fefd840000 - 0x000007fefd86e000 	C:\Windows\system32\IMM32.DLL
0x000007fefe180000 - 0x000007fefe289000 	C:\Windows\system32\MSCTF.dll
0x000000006e0f0000 - 0x000000006e1c2000 	C:\Program Files\Java\jre1.8.0_91\bin\msvcr100.dll
0x0000000067cb0000 - 0x0000000068543000 	C:\Program Files\Java\jre1.8.0_91\bin\server\jvm.dll
0x000007fef8fd0000 - 0x000007fef8fd9000 	C:\Windows\system32\WSOCK32.dll
0x000007feff590000 - 0x000007feff5dd000 	C:\Windows\system32\WS2_32.dll
0x000007fefe0d0000 - 0x000007fefe0d8000 	C:\Windows\system32\NSI.dll
0x000007fefa380000 - 0x000007fefa3bb000 	C:\Windows\system32\WINMM.dll
0x000007fefc350000 - 0x000007fefc35c000 	C:\Windows\system32\VERSION.dll
0x0000000077800000 - 0x0000000077807000 	C:\Windows\system32\PSAPI.DLL
0x0000000075020000 - 0x000000007502f000 	C:\Program Files\Java\jre1.8.0_91\bin\verify.dll
0x0000000074fe0000 - 0x0000000075009000 	C:\Program Files\Java\jre1.8.0_91\bin\java.dll
0x0000000074fc0000 - 0x0000000074fd6000 	C:\Program Files\Java\jre1.8.0_91\bin\zip.dll
0x000007fefe290000 - 0x000007feff01c000 	C:\Windows\system32\SHELL32.dll
0x000007fefdaf0000 - 0x000007fefdcf3000 	C:\Windows\system32\ole32.dll
0x000007fefd380000 - 0x000007fefd38f000 	C:\Windows\system32\profapi.dll
0x00000000646c0000 - 0x0000000065ce1000 	C:\Windows\System32\libopencv_java310.dll
0x000007feec5a0000 - 0x000007feec5b7000 	C:\Windows\system32\AVICAP32.dll
0x000007fee8fd0000 - 0x000007fee8ff9000 	C:\Windows\system32\MSVFW32.dll
0x000007fee8840000 - 0x000007fee885f000 	C:\Windows\system32\AVIFIL32.dll
0x000007fef58b0000 - 0x000007fef58c8000 	C:\Windows\system32\MSACM32.dll
0x000007fefdea0000 - 0x000007fefdf37000 	C:\Windows\system32\comdlg32.dll
0x0000000061440000 - 0x000000006145c000 	C:\mingw-w64\mingw64\bin\libgcc_s_seh-1.dll
0x0000000000180000 - 0x000000000019c000 	C:\mingw-w64\mingw64\bin\libwinpthread-1.dll
0x000007feff3c0000 - 0x000007feff498000 	C:\Windows\system32\OLEAUT32.dll
0x000000006fc40000 - 0x000000006fda5000 	C:\mingw-w64\mingw64\bin\libstdc++-6.dll
0x0000000067b10000 - 0x0000000067ca8000 	C:\Program Files\Java\jre1.8.0_91\bin\awt.dll
0x000007fef5f50000 - 0x000007fef6075000 	C:\Windows\system32\dbghelp.dll

VM Arguments:
jvm_args: -Djava.library.path=C:\Windows\System32 -Dfile.encoding=Cp1252 
java_command: Main
java_class_path (initial): C:\JavaPrograms\thesis\target\classes;C:\JavaPrograms\thesis\lib\postgresql-9.4.1208.jre6.jar;C:\JavaPrograms\thesis\lib\vecmath-1.5.2.jar;C:\JavaPrograms\thesis\lib\Jama-1.0.3.jar;C:\Users\Milan\.p2\pool\plugins\org.junit_4.12.0.v201504281640\junit.jar;C:\Users\Milan\.p2\pool\plugins\org.hamcrest.core_1.3.0.v201303031735.jar;C:\JavaPrograms\thesis\lib\opencv-310.jar;C:\Users\Milan\.m2\repository\org\postgis\postgis-jdbc\1.3.3\postgis-jdbc-1.3.3.jar;C:\Users\Milan\.m2\repository\org\postgis\postgis-stubs\1.3.3\postgis-stubs-1.3.3.jar;C:\Users\Milan\.m2\repository\postgresql\postgresql\8.3-603.jdbc4\postgresql-8.3-603.jdbc4.jar;C:\Users\Milan\.m2\repository\com\google\code\gson\gson\2.3.1\gson-2.3.1.jar;C:\Users\Milan\.m2\repository\commons-codec\commons-codec\1.9\commons-codec-1.9.jar
Launcher Type: SUN_STANDARD

Environment Variables:
JAVA_HOME=C:\Program Files\Java\jdk1.8.0_91
PATH=C:/Program Files/Java/jre1.8.0_91/bin/server;C:/Program Files/Java/jre1.8.0_91/bin;C:/Program Files/Java/jre1.8.0_91/lib/amd64;C:\Program Files\Common Files\Microsoft Shared\Windows Live;C:\Program Files (x86)\Common Files\Microsoft Shared\Windows Live;C:\ProgramData\Oracle\Java\javapath;C:\Windows\system32;C:\Windows;C:\Windows\System32\Wbem;C:\Windows\System32\WindowsPowerShell\v1.0\;C:\Program Files\Git\cmdl;C:\Windows\System32\opencv_java300.dll;C:\Windows\System32\libopencv_java300.dll;C:\JavaPrograms\thesis\lib\bin;C:\Program Files (x86)\Windows Live\Shared;C:\Program Files\CMake\bin;C:\Users\Milan\AppData\Local\Programs\Python\Python35;C:\apache-ant-1.9.7\bin;C:\mingw-w64\mingw64\bin;C:\Users\Milan\AppData\Local\Programs\Python\Python35\Scripts\;C:\Users\Milan\AppData\Local\Programs\Python\Python35\;C:\Windows;
USERNAME=Milan
OS=Windows_NT
PROCESSOR_IDENTIFIER=Intel64 Family 6 Model 15 Stepping 6, GenuineIntel



---------------  S Y S T E M  ---------------

OS: Windows 7 , 64 bit Build 7601 (6.1.7601.23418)

CPU:total 2 (2 cores per cpu, 1 threads per core) family 6 model 15 stepping 6, cmov, cx8, fxsr, mmx, sse, sse2, sse3, ssse3, tsc

Memory: 4k page, physical 4126516k(818652k free), swap 8251172k(2113240k free)

vm_info: Java HotSpot(TM) 64-Bit Server VM (25.91-b15) for windows-amd64 JRE (1.8.0_91-b15), built on May 20 2016 17:43:15 by "java_re" with MS VC++ 10.0 (VS2010)

time: Wed Sep 21 13:23:00 2016
elapsed time: 0 seconds (0d 0h 0m 0s)

